Start testing: Aug 08 17:04 UTC
----------------------------------------------------------
1/1 Testing: cube_engine_tests
1/1 Test: cube_engine_tests
Command: "/home/runner/work/RUBIK-CUBE-SOLVER/RUBIK-CUBE-SOLVER/build/cube_engine_tests"
Directory: /home/runner/work/RUBIK-CUBE-SOLVER/RUBIK-CUBE-SOLVER/build
"cube_engine_tests" start time: Aug 08 17:04 UTC
Output:
----------------------------------------------------------
All cube engine tests passed.
<end of output>
Test time =   0.01 sec
----------------------------------------------------------
Test Passed.
"cube_engine_tests" end time: Aug 08 17:04 UTC
"cube_engine_tests" time elapsed: 00:00:00
----------------------------------------------------------

End testing: Aug 08 17:04 UTC
